<?xml version="1.0" encoding="UTF-8"?>
<!-- Generated by org.testng.reporters.JUnitReportReporter -->
<testsuite hostname="BLRNIPATI149020" name="com.One.HelloWorld" tests="1" failures="0" timestamp="4 Mar 2018 08:27:29 GMT" time="0.016" errors="0">
  <testcase name="login" time="0.016" classname="com.One.HelloWorld"/>
</testsuite>
